java -ea -Xmx7g -Xms7g -cp /home/yaolab/ksahu2/.ssh/metaIMP/bbmap/current/ jgi.BBDuk -Xmx7g in1=/work/yaolab/shared/2021_milk_2017_metagenome/MIT_DATA/sample_SRR9205539/SRR9205539_1.fastq in2=/work/yaolab/shared/2021_milk_2017_metagenome/MIT_DATA/sample_SRR9205539/SRR9205539_2.fastq out1=/work/yaolab/shared/2021_milk_2017_metagenome/MIT_DATA/sample_SRR9205539/SRR9205539_1.fastq.temp_1.fastq out2=/work/yaolab/shared/2021_milk_2017_metagenome/MIT_DATA/sample_SRR9205539/SRR9205539_2.fastq.temp_2.fastq minlen=10 qtrim=rl trimq=20 ktrim=r k=21 mink=11 ref=/home/yaolab/ksahu2/.ssh/metaIMP/bbmap/resources/adapters.fa hdist=1 tbo tpe
Executing jgi.BBDuk [-Xmx7g, in1=/work/yaolab/shared/2021_milk_2017_metagenome/MIT_DATA/sample_SRR9205539/SRR9205539_1.fastq, in2=/work/yaolab/shared/2021_milk_2017_metagenome/MIT_DATA/sample_SRR9205539/SRR9205539_2.fastq, out1=/work/yaolab/shared/2021_milk_2017_metagenome/MIT_DATA/sample_SRR9205539/SRR9205539_1.fastq.temp_1.fastq, out2=/work/yaolab/shared/2021_milk_2017_metagenome/MIT_DATA/sample_SRR9205539/SRR9205539_2.fastq.temp_2.fastq, minlen=10, qtrim=rl, trimq=20, ktrim=r, k=21, mink=11, ref=/home/yaolab/ksahu2/.ssh/metaIMP/bbmap/resources/adapters.fa, hdist=1, tbo, tpe]
Version 38.90

maskMiddle was disabled because useShortKmers=true
0.055 seconds.
Initial:
Memory: max=7265m, total=7265m, free=7145m, used=120m

Added 185707 kmers; time: 	0.485 seconds.
Memory: max=7265m, total=7265m, free=6784m, used=481m

Input is being processed as paired
Started output streams:	0.139 seconds.
Processing time:   		130.089 seconds.

Input:                  	5374396 reads 		732018245 bases.
QTrimmed:               	2078649 reads (38.68%) 	31066447 bases (4.24%)
KTrimmed:               	9334 reads (0.17%) 	180466 bases (0.02%)
Trimmed by overlap:     	30197 reads (0.56%) 	61375 bases (0.01%)
Total Removed:          	13424 reads (0.25%) 	31308288 bases (4.28%)
Result:                 	5360972 reads (99.75%) 	700709957 bases (95.72%)

Time:                         	130.717 seconds.
Reads Processed:       5374k 	41.11k reads/sec
Bases Processed:        732m 	5.60m bases/sec
java -ea -Xmx41082m -Xms41082m -cp /home/yaolab/ksahu2/.ssh/metaIMP/bbmap/current/ jgi.BBDuk in1=/work/yaolab/shared/2021_milk_2017_metagenome/MIT_DATA/sample_SRR9205539/SRR9205539_1.fastq.temp_1.fastq in2=/work/yaolab/shared/2021_milk_2017_metagenome/MIT_DATA/sample_SRR9205539/SRR9205539_2.fastq.temp_2.fastq out1=/work/yaolab/shared/2021_milk_2017_metagenome/MIT_DATA/sample_SRR9205539/SRR9205539_1.fastq.filtered_1.fastq out2=/work/yaolab/shared/2021_milk_2017_metagenome/MIT_DATA/sample_SRR9205539/SRR9205539_2.fastq.filtered_2.fastq ref= hdist=1 k=21 threads=8
Executing jgi.BBDuk [in1=/work/yaolab/shared/2021_milk_2017_metagenome/MIT_DATA/sample_SRR9205539/SRR9205539_1.fastq.temp_1.fastq, in2=/work/yaolab/shared/2021_milk_2017_metagenome/MIT_DATA/sample_SRR9205539/SRR9205539_2.fastq.temp_2.fastq, out1=/work/yaolab/shared/2021_milk_2017_metagenome/MIT_DATA/sample_SRR9205539/SRR9205539_1.fastq.filtered_1.fastq, out2=/work/yaolab/shared/2021_milk_2017_metagenome/MIT_DATA/sample_SRR9205539/SRR9205539_2.fastq.filtered_2.fastq, ref=, hdist=1, k=21, threads=8]
Version 38.90

Set threads to 8
0.118 seconds.
Initial:
Memory: max=41641m, total=41641m, free=40722m, used=919m

Input is being processed as paired
Started output streams:	0.329 seconds.
Processing time:   		13.739 seconds.

Input:                  	5360972 reads 		700709957 bases.
Total Removed:          	0 reads (0.00%) 	0 bases (0.00%)
Result:                 	5360972 reads (100.00%) 	700709957 bases (100.00%)

Time:                         	14.070 seconds.
Reads Processed:       5360k 	381.01k reads/sec
Bases Processed:        700m 	49.80m bases/sec
/home/yaolab/ksahu2/.ssh/metaIMP/assembly_binning.sh: line 34: ./bbmap/reformat.sh: No such file or directory
Building a SMALL index
Could not locate a Bowtie index corresponding to basename "/work/yaolab/shared/2021_milk_2017_metagenome/MIT_DATA/sample_SRR9205539/assembly_output/indexed_contigs/"
Error: Encountered internal Bowtie 2 exception (#1)
Command: /util/opt/anaconda/deployed-conda-envs/packages/bowtie2/envs/bowtie2-2.3.5/bin/bowtie2-align-s --wrapper basic-0 --threads 8 -x /work/yaolab/shared/2021_milk_2017_metagenome/MIT_DATA/sample_SRR9205539/assembly_output/indexed_contigs/ --passthrough -1 /work/yaolab/shared/2021_milk_2017_metagenome/MIT_DATA/sample_SRR9205539/SRR9205539_1.fastq -2 /work/yaolab/shared/2021_milk_2017_metagenome/MIT_DATA/sample_SRR9205539/SRR9205539_2.fastq 
(ERR): bowtie2-align exited with value 1
[main_samview] fail to read the header from "/work/yaolab/shared/2021_milk_2017_metagenome/MIT_DATA/sample_SRR9205539/assembly_output/smfile.sam".
samtools sort: failed to read header from "/work/yaolab/shared/2021_milk_2017_metagenome/MIT_DATA/sample_SRR9205539/assembly_output/bmfile.bam"
Output depth matrix to /work/yaolab/shared/2021_milk_2017_metagenome/MIT_DATA/sample_SRR9205539/assembly_output/depth.txt
jgi_summarize_bam_contig_depths 2.15 (Bioconda) 2020-01-04T21:10:40
Output matrix to /work/yaolab/shared/2021_milk_2017_metagenome/MIT_DATA/sample_SRR9205539/assembly_output/depth.txt
0: Opening bam: /work/yaolab/shared/2021_milk_2017_metagenome/MIT_DATA/sample_SRR9205539/assembly_output/bmfile_sort.bam
[E::hts_open_format] Failed to open file /work/yaolab/shared/2021_milk_2017_metagenome/MIT_DATA/sample_SRR9205539/assembly_output/bmfile_sort.bam
0ERROR: Could not open bam: /work/yaolab/shared/2021_milk_2017_metagenome/MIT_DATA/sample_SRR9205539/assembly_output/bmfile_sort.bam
/home/yaolab/ksahu2/.ssh/metaIMP/assembly_binning.sh: line 76: 427592 Segmentation fault      (core dumped) jgi_summarize_bam_contig_depths --outputDepth $depth_file $bam_sorted_file
[Error!] can't open input file /work/yaolab/shared/2021_milk_2017_metagenome/MIT_DATA/sample_SRR9205539/assembly_output/depth.txt
[Error!] There are no lines in the abundance depth file or fasta file!
/home/yaolab/ksahu2/.ssh/metaIMP/assembly_binning.sh: line 88: /work/yaolab/shared/2021_milk_2017_metagenome/MIT_DATA/sample_SRR9205539/assembly_output/bins/checkm/bins/mergedfile.fna: No such file or directory
usage: emapper.py [-h] [-v] [--list_taxa] [--cpu NUM_CPU] [--resume]
                  [--override] [-i FASTA_FILE]
                  [--itype {CDS,proteins,genome,metagenome}] [--translate]
                  [--annotate_hits_table SEED_ORTHOLOGS_FILE] [-c FILE]
                  [--data_dir DIR] [--genepred {search,prodigal}]
                  [--trans_table TRANS_TABLE_CODE] [--training_genome FILE]
                  [--training_file FILE]
                  [--allow_overlaps {none,strand,diff_frame,all}]
                  [--overlap_tol FLOAT]
                  [-m {diamond,mmseqs,hmmer,no_search,cache}]
                  [--pident PIDENT] [--query_cover QUERY_COVER]
                  [--subject_cover SUBJECT_COVER] [--evalue EVALUE]
                  [--score SCORE] [--dmnd_db DMND_DB_FILE]
                  [--sensmode {fast,mid-sensitive,sensitive,more-sensitive,very-sensitive,ultra-sensitive}]
                  [--matrix {BLOSUM62,BLOSUM90,BLOSUM80,BLOSUM50,BLOSUM45,PAM250,PAM70,PAM30}]
                  [--gapopen GAPOPEN] [--gapextend GAPEXTEND]
                  [--block_size BLOCK_SIZE] [--index_chunks CHUNKS]
                  [--outfmt_short] [--mmseqs_db MMSEQS_DB_FILE]
                  [--start_sens START_SENS] [--sens_steps SENS_STEPS]
                  [--final_sens FINAL_SENS] [--mmseqs_sub_mat SUBS_MATRIX]
                  [-d HMMER_DB_PREFIX] [--servers_list FILE]
                  [--qtype {hmm,seq}] [--dbtype {hmmdb,seqdb}] [--usemem]
                  [-p PORT] [--end_port PORT] [--num_servers NUM_SERVERS]
                  [--num_workers NUM_WORKERS] [--hmm_maxhits MAXHITS]
                  [--report_no_hits] [--hmm_maxseqlen MAXSEQLEN] [--Z DB_SIZE]
                  [--cut_ga]
                  [--clean_overlaps none|all|clans|hmmsearch_all|hmmsearch_clans]
                  [--no_annot] [--dbmem] [--seed_ortholog_evalue MIN_E-VALUE]
                  [--seed_ortholog_score MIN_SCORE] [--tax_scope TAX_SCOPE]
                  [--tax_scope_mode TAX_SCOPE_MODE]
                  [--target_orthologs {one2one,many2one,one2many,many2many,all}]
                  [--target_taxa LIST_OF_TAX_IDS]
                  [--excluded_taxa LIST_OF_TAX_IDS] [--report_orthologs]
                  [--go_evidence {experimental,non-electronic,all}]
                  [--pfam_realign {none,realign,denovo}] [--md5]
                  [--output FILE_PREFIX] [--output_dir DIR]
                  [--scratch_dir DIR] [--temp_dir DIR] [--no_file_comments]
                  [--decorate_gff DECORATE_GFF]
                  [--decorate_gff_ID_field DECORATE_GFF_ID_FIELD]
emapper.py: error: argument -i: invalid existing_file value: '/work/yaolab/shared/2021_milk_2017_metagenome/MIT_DATA/sample_SRR9205539/assembly_output/bins/checkm/bins/mergedfile.fna'
usage: inStrain profile [-o OUTPUT] [--use_full_fasta_header] [-p PROCESSES]
                        [-d] [-h] [--version] [-l MIN_READ_ANI]
                        [--min_mapq MIN_MAPQ]
                        [--max_insert_relative MAX_INSERT_RELATIVE]
                        [--min_insert MIN_INSERT]
                        [--pairing_filter {non_discordant,all_reads,paired_only}]
                        [--priority_reads PRIORITY_READS]
                        [--detailed_mapping_info] [-c MIN_COV] [-f MIN_FREQ]
                        [-fdr FDR] [-g GENE_FILE] [-s [STB [STB ...]]]
                        [--mm_level] [--skip_mm_profiling] [--database_mode]
                        [--min_scaffold_reads MIN_SCAFFOLD_READS]
                        [--min_genome_coverage MIN_GENOME_COVERAGE]
                        [--min_snp MIN_SNP] [--store_everything]
                        [--scaffolds_to_profile SCAFFOLDS_TO_PROFILE]
                        [--rarefied_coverage RAREFIED_COVERAGE]
                        [--window_length WINDOW_LENGTH] [--skip_genome_wide]
                        [--skip_plot_generation]
                        bam fasta
inStrain profile: error: argument -g/--gene_file: expected one argument
/home/yaolab/ksahu2/.ssh/metaIMP/assembly_snp_annotation.sh: line 14: cd: ./python_scripts/: No such file or directory
python: can't open file 'Assembly_mapping.py': [Errno 2] No such file or directory
/home/yaolab/ksahu2/.ssh/metaIMP/main_assembly_processing.sh: line 129: $log_snp_annotations: ambiguous redirect
/home/yaolab/ksahu2/.ssh/metaIMP/main_assembly_processing.sh: line 142: syntax error near unexpected token `fi'
/home/yaolab/ksahu2/.ssh/metaIMP/main_assembly_processing.sh: line 142: `fi'
NOTE: The MIDAS reference database is downloaded in $MIDAS_DB, and MIDAS is
already set to use this directory. 
mkdir: cannot create directory ‘/work/yaolab/shared/2021_milk_2017_metagenome/MIT_DATA/sample_SRR9205539/reference_output’: File exists
java -ea -Xmx7g -Xms7g -cp /home/yaolab/ksahu2/.ssh/metaIMP/bbmap/current/ jgi.BBDuk -Xmx7g in1=/work/yaolab/shared/2021_milk_2017_metagenome/MIT_DATA/sample_SRR9205539/SRR9205539_1.fastq in2=/work/yaolab/shared/2021_milk_2017_metagenome/MIT_DATA/sample_SRR9205539/SRR9205539_2.fastq out1=/work/yaolab/shared/2021_milk_2017_metagenome/MIT_DATA/sample_SRR9205539/SRR9205539_1.fastq.temp_1.fastq out2=/work/yaolab/shared/2021_milk_2017_metagenome/MIT_DATA/sample_SRR9205539/SRR9205539_2.fastq.temp_2.fastq minlen=10 qtrim=rl trimq=20 ktrim=r k=21 mink=11 ref=/home/yaolab/ksahu2/.ssh/metaIMP/bbmap/resources/adapters.fa hdist=1 threads= tbo tpe
/home/yaolab/ksahu2/.ssh/metaIMP/bbmap/bbduk.sh: line 365: java: command not found
java -ea -Xmx41082m -Xms41082m -cp /home/yaolab/ksahu2/.ssh/metaIMP/bbmap/current/ jgi.BBDuk in1=/work/yaolab/shared/2021_milk_2017_metagenome/MIT_DATA/sample_SRR9205539/SRR9205539_1.fastq.temp_1.fastq in2=/work/yaolab/shared/2021_milk_2017_metagenome/MIT_DATA/sample_SRR9205539/SRR9205539_2.fastq.temp_2.fastq out1=/work/yaolab/shared/2021_milk_2017_metagenome/MIT_DATA/sample_SRR9205539/SRR9205539_1.fastq.filtered_1.fastq out2=/work/yaolab/shared/2021_milk_2017_metagenome/MIT_DATA/sample_SRR9205539/SRR9205539_2.fastq.filtered_2.fastq ref= hdist=1 k=21 threads=
/home/yaolab/ksahu2/.ssh/metaIMP/bbmap/bbduk.sh: line 365: java: command not found

Error: no species sastisfied your selection criteria. 


Error: no species sastisfied your selection criteria. 

python: can't open file './python_scripts/Reference_mapping.py': [Errno 2] No such file or directory
/home/yaolab/ksahu2/.ssh/metaIMP/ref_snp_annotation.sh: line 16: /work/yaolab/shared/2021_milk_2017_metagenome/MIT_DATA/sample_SRR9205539/reference_output/genes/*.patric.csv: No such file or directory
python: can't open file './python_scripts/Reference_mapping.py': [Errno 2] No such file or directory
