
CondaSystemExit: Exiting.

/work/yaolab/shared/2021_milk_2017_metagenome/metaimp_tesing_github/metaIMP/install.sh: line 13: activate: No such file or directory

CommandNotFoundError: Your shell has not been properly configured to use 'conda activate'.
To initialize your shell, run

    $ conda init <SHELL_NAME>

Currently supported shells are:
  - bash
  - fish
  - tcsh
  - xonsh
  - zsh
  - powershell

See 'conda init --help' for more information and options.

IMPORTANT: You may need to close and restart your shell after running 'conda init'.


/work/yaolab/shared/2021_milk_2017_metagenome/metaimp_tesing_github/metaIMP/install_test.sh: line 5: activate: No such file or directory
[main_samview] fail to read the header from "-".
/work/yaolab/shared/2021_milk_2017_metagenome/metaimp_tesing_github/metaIMP/install_test.sh: line 29: spades.py: command not found
/work/yaolab/shared/2021_milk_2017_metagenome/metaimp_tesing_github/metaIMP/install_test.sh: line 30: quast.py: command not found
/work/yaolab/shared/2021_milk_2017_metagenome/metaimp_tesing_github/metaIMP/install_test.sh: line 31: metabat2: command not found
/work/yaolab/shared/2021_milk_2017_metagenome/metaimp_tesing_github/metaIMP/install_test.sh: line 32: checkm: command not found
/work/yaolab/shared/2021_milk_2017_metagenome/metaimp_tesing_github/metaIMP/install_test.sh: line 33: DAS_Tool: command not found
/work/yaolab/shared/2021_milk_2017_metagenome/metaimp_tesing_github/metaIMP/install_test.sh: line 34: phylophlan_metagenomic: command not found
/work/yaolab/shared/2021_milk_2017_metagenome/metaimp_tesing_github/metaIMP/install_test.sh: line 35: inStrain: command not found
/work/yaolab/shared/2021_milk_2017_metagenome/metaimp_tesing_github/metaIMP/install_test.sh: line 36: emapper.py: command not found
/work/yaolab/shared/2021_milk_2017_metagenome/metaimp_tesing_github/metaIMP/install_test.sh: line 38: kraken2: command not found
/work/yaolab/shared/2021_milk_2017_metagenome/metaimp_tesing_github/metaIMP/install_test.sh: line 39: fastqc: command not found

CommandNotFoundError: Your shell has not been properly configured to use 'conda deactivate'.
To initialize your shell, run

    $ conda init <SHELL_NAME>

Currently supported shells are:
  - bash
  - fish
  - tcsh
  - xonsh
  - zsh
  - powershell

See 'conda init --help' for more information and options.

IMPORTANT: You may need to close and restart your shell after running 'conda init'.


