mkdir: cannot create directory ‘/work/yaolab/shared/2021_milk_2017_metagenome/MIT_DATA/sample_SRR9205536/assembly_output/log_folder’: No such file or directory
java -ea -Xmx7g -Xms7g -cp /home/yaolab/ksahu2/.ssh/metaIMP/bbmap/current/ jgi.BBDuk -Xmx7g in1=/work/yaolab/shared/2021_milk_2017_metagenome/MIT_DATA/sample_SRR9205536/SRR9205536_1.fastq in2=/work/yaolab/shared/2021_milk_2017_metagenome/MIT_DATA/sample_SRR9205536/SRR9205536_2.fastq out1=/work/yaolab/shared/2021_milk_2017_metagenome/MIT_DATA/sample_SRR9205536/SRR9205536_1.fastq.temp_1.fastq out2=/work/yaolab/shared/2021_milk_2017_metagenome/MIT_DATA/sample_SRR9205536/SRR9205536_2.fastq.temp_2.fastq minlen=10 qtrim=rl trimq=20 ktrim=r k=21 mink=11 ref=./bbmap/resources/adapters.fa hdist=1 tbo tpe
Executing jgi.BBDuk [-Xmx7g, in1=/work/yaolab/shared/2021_milk_2017_metagenome/MIT_DATA/sample_SRR9205536/SRR9205536_1.fastq, in2=/work/yaolab/shared/2021_milk_2017_metagenome/MIT_DATA/sample_SRR9205536/SRR9205536_2.fastq, out1=/work/yaolab/shared/2021_milk_2017_metagenome/MIT_DATA/sample_SRR9205536/SRR9205536_1.fastq.temp_1.fastq, out2=/work/yaolab/shared/2021_milk_2017_metagenome/MIT_DATA/sample_SRR9205536/SRR9205536_2.fastq.temp_2.fastq, minlen=10, qtrim=rl, trimq=20, ktrim=r, k=21, mink=11, ref=./bbmap/resources/adapters.fa, hdist=1, tbo, tpe]
Version 38.90

maskMiddle was disabled because useShortKmers=true
0.077 seconds.
Initial:
Memory: max=7265m, total=7265m, free=7145m, used=120m

Added 185707 kmers; time: 	0.401 seconds.
Memory: max=7265m, total=7265m, free=6784m, used=481m

Input is being processed as paired
Started output streams:	0.058 seconds.
Processing time:   		75.325 seconds.

Input:                  	3356832 reads 		459667362 bases.
QTrimmed:               	1358868 reads (40.48%) 	20586764 bases (4.48%)
KTrimmed:               	5953 reads (0.18%) 	126596 bases (0.03%)
Trimmed by overlap:     	12659 reads (0.38%) 	25211 bases (0.01%)
Total Removed:          	8428 reads (0.25%) 	20738571 bases (4.51%)
Result:                 	3348404 reads (99.75%) 	438928791 bases (95.49%)

Time:                         	75.786 seconds.
Reads Processed:       3356k 	44.29k reads/sec
Bases Processed:        459m 	6.07m bases/sec
java -ea -Xmx41082m -Xms41082m -cp /home/yaolab/ksahu2/.ssh/metaIMP/bbmap/current/ jgi.BBDuk in1=/work/yaolab/shared/2021_milk_2017_metagenome/MIT_DATA/sample_SRR9205536/SRR9205536_1.fastq.temp_1.fastq in2=/work/yaolab/shared/2021_milk_2017_metagenome/MIT_DATA/sample_SRR9205536/SRR9205536_2.fastq.temp_2.fastq out1=/work/yaolab/shared/2021_milk_2017_metagenome/MIT_DATA/sample_SRR9205536/SRR9205536_1.fastq.filtered_1.fastq out2=/work/yaolab/shared/2021_milk_2017_metagenome/MIT_DATA/sample_SRR9205536/SRR9205536_2.fastq.filtered_2.fastq ref= hdist=1 k=21 threads=8
Executing jgi.BBDuk [in1=/work/yaolab/shared/2021_milk_2017_metagenome/MIT_DATA/sample_SRR9205536/SRR9205536_1.fastq.temp_1.fastq, in2=/work/yaolab/shared/2021_milk_2017_metagenome/MIT_DATA/sample_SRR9205536/SRR9205536_2.fastq.temp_2.fastq, out1=/work/yaolab/shared/2021_milk_2017_metagenome/MIT_DATA/sample_SRR9205536/SRR9205536_1.fastq.filtered_1.fastq, out2=/work/yaolab/shared/2021_milk_2017_metagenome/MIT_DATA/sample_SRR9205536/SRR9205536_2.fastq.filtered_2.fastq, ref=, hdist=1, k=21, threads=8]
Version 38.90

Set threads to 8
0.176 seconds.
Initial:
Memory: max=41641m, total=41641m, free=40722m, used=919m

Input is being processed as paired
Started output streams:	0.156 seconds.
Processing time:   		8.233 seconds.

Input:                  	3348404 reads 		438928791 bases.
Total Removed:          	0 reads (0.00%) 	0 bases (0.00%)
Result:                 	3348404 reads (100.00%) 	438928791 bases (100.00%)

Time:                         	8.391 seconds.
Reads Processed:       3348k 	399.04k reads/sec
Bases Processed:        438m 	52.31m bases/sec
touch: cannot touch '/work/yaolab/shared/2021_milk_2017_metagenome/MIT_DATA/sample_SRR9205536/assembly_output/log_folder/preprocessing.log': No such file or directory
