java -ea -Xmx7g -Xms7g -cp /home/yaolab/ksahu2/.ssh/metaIMP/bbmap/current/ jgi.BBDuk -Xmx7g in1=/work/yaolab/shared/2021_milk_2017_metagenome/MIT_DATA/sample_SRR9205533/SRR9205533_1.fastq in2=/work/yaolab/shared/2021_milk_2017_metagenome/MIT_DATA/sample_SRR9205533/SRR9205533_2.fastq out1=/work/yaolab/shared/2021_milk_2017_metagenome/MIT_DATA/sample_SRR9205533/SRR9205533_1.fastq.temp_1.fastq out2=/work/yaolab/shared/2021_milk_2017_metagenome/MIT_DATA/sample_SRR9205533/SRR9205533_2.fastq.temp_2.fastq minlen=10 qtrim=rl trimq=20 ktrim=r k=21 mink=11 ref=./bbmap/resources/adapters.fa hdist=1 tbo tpe
Executing jgi.BBDuk [-Xmx7g, in1=/work/yaolab/shared/2021_milk_2017_metagenome/MIT_DATA/sample_SRR9205533/SRR9205533_1.fastq, in2=/work/yaolab/shared/2021_milk_2017_metagenome/MIT_DATA/sample_SRR9205533/SRR9205533_2.fastq, out1=/work/yaolab/shared/2021_milk_2017_metagenome/MIT_DATA/sample_SRR9205533/SRR9205533_1.fastq.temp_1.fastq, out2=/work/yaolab/shared/2021_milk_2017_metagenome/MIT_DATA/sample_SRR9205533/SRR9205533_2.fastq.temp_2.fastq, minlen=10, qtrim=rl, trimq=20, ktrim=r, k=21, mink=11, ref=./bbmap/resources/adapters.fa, hdist=1, tbo, tpe]
Version 38.90

maskMiddle was disabled because useShortKmers=true
0.032 seconds.
Initial:
Memory: max=7265m, total=7265m, free=7145m, used=120m

Added 185707 kmers; time: 	0.423 seconds.
Memory: max=7265m, total=7265m, free=6784m, used=481m

Input is being processed as paired
Started output streams:	0.018 seconds.
Processing time:   		92.058 seconds.

Input:                  	3666406 reads 		499799936 bases.
QTrimmed:               	1622819 reads (44.26%) 	24779802 bases (4.96%)
KTrimmed:               	6817 reads (0.19%) 	137146 bases (0.03%)
Trimmed by overlap:     	16940 reads (0.46%) 	33721 bases (0.01%)
Total Removed:          	9456 reads (0.26%) 	24950669 bases (4.99%)
Result:                 	3656950 reads (99.74%) 	474849267 bases (95.01%)

Time:                         	92.503 seconds.
Reads Processed:       3666k 	39.64k reads/sec
Bases Processed:        499m 	5.40m bases/sec
java -ea -Xmx3235m -Xms3235m -cp /home/yaolab/ksahu2/.ssh/metaIMP/bbmap/current/ jgi.BBDuk in1=/work/yaolab/shared/2021_milk_2017_metagenome/MIT_DATA/sample_SRR9205533/SRR9205533_1.fastq.temp_1.fastq in2=/work/yaolab/shared/2021_milk_2017_metagenome/MIT_DATA/sample_SRR9205533/SRR9205533_2.fastq.temp_2.fastq out1=/work/yaolab/shared/2021_milk_2017_metagenome/MIT_DATA/sample_SRR9205533/SRR9205533_1.fastq.filtered_1.fastq out2=/work/yaolab/shared/2021_milk_2017_metagenome/MIT_DATA/sample_SRR9205533/SRR9205533_2.fastq.filtered_2.fastq ref= hdist=1 k=21 threads=8
Executing jgi.BBDuk [in1=/work/yaolab/shared/2021_milk_2017_metagenome/MIT_DATA/sample_SRR9205533/SRR9205533_1.fastq.temp_1.fastq, in2=/work/yaolab/shared/2021_milk_2017_metagenome/MIT_DATA/sample_SRR9205533/SRR9205533_2.fastq.temp_2.fastq, out1=/work/yaolab/shared/2021_milk_2017_metagenome/MIT_DATA/sample_SRR9205533/SRR9205533_1.fastq.filtered_1.fastq, out2=/work/yaolab/shared/2021_milk_2017_metagenome/MIT_DATA/sample_SRR9205533/SRR9205533_2.fastq.filtered_2.fastq, ref=, hdist=1, k=21, threads=8]
Version 38.90

Set threads to 8
0.029 seconds.
Initial:
Memory: max=3280m, total=3280m, free=3207m, used=73m

Input is being processed as paired
Started output streams:	0.181 seconds.
Processing time:   		9.380 seconds.

Input:                  	3656950 reads 		474849267 bases.
Total Removed:          	0 reads (0.00%) 	0 bases (0.00%)
Result:                 	3656950 reads (100.00%) 	474849267 bases (100.00%)

Time:                         	9.562 seconds.
Reads Processed:       3656k 	382.45k reads/sec
Bases Processed:        474m 	49.66m bases/sec
